<?xml version="1.0" encoding="UTF-8"?>
<testsuite xmlns:xsi="http://www.w3.org/2001/XMLSchema-instance" xsi:noNamespaceSchemaLocation="https://maven.apache.org/surefire/maven-surefire-plugin/xsd/surefire-test-report.xsd" name="com.assignment.user.UserApplicationTests" time="14.249" tests="1" errors="1" skipped="0" failures="0">
  <properties>
[...]
</properties>
  <testcase name="testCreateAndGetUser" classname="com.assignment.user.UserApplicationTests" time="0.898">
    <error message="Error while extracting response for type [class com.assignment.user.rest.ResponseDetail] and content type [application/json]; nested exception is org.springframework.http.converter.HttpMessageNotReadableException: JSON parse error: Cannot deserialize value of type `com.assignment.user.exception.StatusCode` from String &quot;Mobile number should be unique for a user&quot;: not one of the values accepted for Enum class: [INVALID_INPUT_EXCEPTION, SUCCESS, BAD_REQUEST, GENERIC_EXCEPTION]; nested exception is com.fasterxml.jackson.databind.exc.InvalidFormatException: Cannot deserialize value of type `com.assignment.user.exception.StatusCode` from String &quot;Mobile number should be unique for a user&quot;: not one of the values accepted for Enum class: [INVALID_INPUT_EXCEPTION, SUCCESS, BAD_REQUEST, GENERIC_EXCEPTION]&#10; at [Source: (PushbackInputStream); line: 1, column: 59] (through reference chain: com.assignment.user.rest.ResponseDetail[&quot;message&quot;])" type="org.springframework.web.client.RestClientException">org.springframework.web.client.RestClientException: 
Error while extracting response for type [class com.assignment.user.rest.ResponseDetail] and content type [application/json]; nested exception is org.springframework.http.converter.HttpMessageNotReadableException: JSON parse error: Cannot deserialize value of type `com.assignment.user.exception.StatusCode` from String "Mobile number should be unique for a user": not one of the values accepted for Enum class: [INVALID_INPUT_EXCEPTION, SUCCESS, BAD_REQUEST, GENERIC_EXCEPTION]; nested exception is com.fasterxml.jackson.databind.exc.InvalidFormatException: Cannot deserialize value of type `com.assignment.user.exception.StatusCode` from String "Mobile number should be unique for a user": not one of the values accepted for Enum class: [INVALID_INPUT_EXCEPTION, SUCCESS, BAD_REQUEST, GENERIC_EXCEPTION]
 at [Source: (PushbackInputStream); line: 1, column: 59] (through reference chain: com.assignment.user.rest.ResponseDetail["message"])
	at com.assignment.user.UserApplicationTests.testCreateAndGetUser(UserApplicationTests.java:45)
Caused by: org.springframework.http.converter.HttpMessageNotReadableException: 
JSON parse error: Cannot deserialize value of type `com.assignment.user.exception.StatusCode` from String "Mobile number should be unique for a user": not one of the values accepted for Enum class: [INVALID_INPUT_EXCEPTION, SUCCESS, BAD_REQUEST, GENERIC_EXCEPTION]; nested exception is com.fasterxml.jackson.databind.exc.InvalidFormatException: Cannot deserialize value of type `com.assignment.user.exception.StatusCode` from String "Mobile number should be unique for a user": not one of the values accepted for Enum class: [INVALID_INPUT_EXCEPTION, SUCCESS, BAD_REQUEST, GENERIC_EXCEPTION]
 at [Source: (PushbackInputStream); line: 1, column: 59] (through reference chain: com.assignment.user.rest.ResponseDetail["message"])
	at com.assignment.user.UserApplicationTests.testCreateAndGetUser(UserApplicationTests.java:45)
Caused by: com.fasterxml.jackson.databind.exc.InvalidFormatException: 
Cannot deserialize value of type `com.assignment.user.exception.StatusCode` from String "Mobile number should be unique for a user": not one of the values accepted for Enum class: [INVALID_INPUT_EXCEPTION, SUCCESS, BAD_REQUEST, GENERIC_EXCEPTION]
 at [Source: (PushbackInputStream); line: 1, column: 59] (through reference chain: com.assignment.user.rest.ResponseDetail["message"])
	at com.assignment.user.UserApplicationTests.testCreateAndGetUser(UserApplicationTests.java:45)
</error>
    <system-out><![CDATA[23:35:34.244 [main] DEBUG org.springframework.test.context.BootstrapUtils - Instantiating CacheAwareContextLoaderDelegate from class [org.springframework.test.context.cache.DefaultCacheAwareContextLoaderDelegate]
23:35:34.290 [main] DEBUG org.springframework.test.context.BootstrapUtils - Instantiating BootstrapContext using constructor [public org.springframework.test.context.support.DefaultBootstrapContext(java.lang.Class,org.springframework.test.context.CacheAwareContextLoaderDelegate)]
23:35:34.438 [main] DEBUG org.springframework.test.context.BootstrapUtils - Instantiating TestContextBootstrapper for test class [com.assignment.user.UserApplicationTests] from class [org.springframework.boot.test.context.SpringBootTestContextBootstrapper]
23:35:34.478 [main] INFO org.springframework.boot.test.context.SpringBootTestContextBootstrapper - Neither @ContextConfiguration nor @ContextHierarchy found for test class [com.assignment.user.UserApplicationTests], using SpringBootContextLoader
23:35:34.490 [main] DEBUG org.springframework.test.context.support.AbstractContextLoader - Did not detect default resource location for test class [com.assignment.user.UserApplicationTests]: class path resource [com/assignment/user/UserApplicationTests-context.xml] does not exist
23:35:34.491 [main] DEBUG org.springframework.test.context.support.AbstractContextLoader - Did not detect default resource location for test class [com.assignment.user.UserApplicationTests]: class path resource [com/assignment/user/UserApplicationTestsContext.groovy] does not exist
23:35:34.491 [main] INFO org.springframework.test.context.support.AbstractContextLoader - Could not detect default resource locations for test class [com.assignment.user.UserApplicationTests]: no resource found for suffixes {-context.xml, Context.groovy}.
23:35:34.494 [main] INFO org.springframework.test.context.support.AnnotationConfigContextLoaderUtils - Could not detect default configuration classes for test class [com.assignment.user.UserApplicationTests]: UserApplicationTests does not declare any static, non-private, non-final, nested classes annotated with @Configuration.
23:35:34.597 [main] DEBUG org.springframework.test.context.support.ActiveProfilesUtils - Could not find an 'annotation declaring class' for annotation type [org.springframework.test.context.ActiveProfiles] and class [com.assignment.user.UserApplicationTests]
23:35:34.767 [main] DEBUG org.springframework.context.annotation.ClassPathScanningCandidateComponentProvider - Identified candidate component class: file [C:\repo2\CARscan-user\target\classes\com\assignment\user\UserApplication.class]
23:35:34.777 [main] INFO org.springframework.boot.test.context.SpringBootTestContextBootstrapper - Found @SpringBootConfiguration com.assignment.user.UserApplication for test class com.assignment.user.UserApplicationTests
23:35:35.152 [main] DEBUG org.springframework.boot.test.context.SpringBootTestContextBootstrapper - @TestExecutionListeners is not present for class [com.assignment.user.UserApplicationTests]: using defaults.
23:35:35.153 [main] INFO org.springframework.boot.test.context.SpringBootTestContextBootstrapper - Loaded default TestExecutionListener class names from location [META-INF/spring.factories]: [org.springframework.boot.test.mock.mockito.MockitoTestExecutionListener, org.springframework.boot.test.mock.mockito.ResetMocksTestExecutionListener, org.springframework.boot.test.autoconfigure.restdocs.RestDocsTestExecutionListener, org.springframework.boot.test.autoconfigure.web.client.MockRestServiceServerResetTestExecutionListener, org.springframework.boot.test.autoconfigure.web.servlet.MockMvcPrintOnlyOnFailureTestExecutionListener, org.springframework.boot.test.autoconfigure.web.servlet.WebDriverTestExecutionListener, org.springframework.boot.test.autoconfigure.webservices.client.MockWebServiceServerTestExecutionListener, org.springframework.test.context.web.ServletTestExecutionListener, org.springframework.test.context.support.DirtiesContextBeforeModesTestExecutionListener, org.springframework.test.context.event.ApplicationEventsTestExecutionListener, org.springframework.test.context.support.DependencyInjectionTestExecutionListener, org.springframework.test.context.support.DirtiesContextTestExecutionListener, org.springframework.test.context.transaction.TransactionalTestExecutionListener, org.springframework.test.context.jdbc.SqlScriptsTestExecutionListener, org.springframework.test.context.event.EventPublishingTestExecutionListener]
23:35:35.209 [main] INFO org.springframework.boot.test.context.SpringBootTestContextBootstrapper - Using TestExecutionListeners: [org.springframework.test.context.web.ServletTestExecutionListener@336206d8, org.springframework.test.context.support.DirtiesContextBeforeModesTestExecutionListener@5ec4ff02, org.springframework.test.context.event.ApplicationEventsTestExecutionListener@1f11f64e, org.springframework.boot.test.mock.mockito.MockitoTestExecutionListener@2b2f5fcf, org.springframework.boot.test.autoconfigure.SpringBootDependencyInjectionTestExecutionListener@858d8b4, org.springframework.test.context.support.DirtiesContextTestExecutionListener@711d1a52, org.springframework.test.context.transaction.TransactionalTestExecutionListener@612e21b9, org.springframework.test.context.jdbc.SqlScriptsTestExecutionListener@302edb74, org.springframework.test.context.event.EventPublishingTestExecutionListener@7efd28bd, org.springframework.boot.test.mock.mockito.ResetMocksTestExecutionListener@672b72ba, org.springframework.boot.test.autoconfigure.restdocs.RestDocsTestExecutionListener@7718a40f, org.springframework.boot.test.autoconfigure.web.client.MockRestServiceServerResetTestExecutionListener@312b34e3, org.springframework.boot.test.autoconfigure.web.servlet.MockMvcPrintOnlyOnFailureTestExecutionListener@26844abb, org.springframework.boot.test.autoconfigure.web.servlet.WebDriverTestExecutionListener@1a865273, org.springframework.boot.test.autoconfigure.webservices.client.MockWebServiceServerTestExecutionListener@288ca5f0]
23:35:35.262 [main] DEBUG org.springframework.test.context.support.AbstractDirtiesContextTestExecutionListener - Before test class: context [DefaultTestContext@2e8a1ab4 testClass = UserApplicationTests, testInstance = [null], testMethod = [null], testException = [null], mergedContextConfiguration = [WebMergedContextConfiguration@59f93db8 testClass = UserApplicationTests, locations = '{}', classes = '{class com.assignment.user.UserApplication}', contextInitializerClasses = '[]', activeProfiles = '{}', propertySourceLocations = '{}', propertySourceProperties = '{org.springframework.boot.test.context.SpringBootTestContextBootstrapper=true, server.port=0}', contextCustomizers = set[org.springframework.boot.test.context.filter.ExcludeFilterContextCustomizer@4925f4f5, org.springframework.boot.test.json.DuplicateJsonObjectContextCustomizerFactory$DuplicateJsonObjectContextCustomizer@5f2afe62, org.springframework.boot.test.mock.mockito.MockitoContextCustomizer@0, org.springframework.boot.test.web.client.TestRestTemplateContextCustomizer@42cc13a0, org.springframework.boot.test.autoconfigure.actuate.metrics.MetricsExportContextCustomizerFactory$DisableMetricExportContextCustomizer@4beddc56, org.springframework.boot.test.autoconfigure.properties.PropertyMappingContextCustomizer@0, org.springframework.boot.test.autoconfigure.web.servlet.WebDriverContextCustomizerFactory$Customizer@6b04acb2, org.springframework.boot.test.context.SpringBootTestArgs@1, org.springframework.boot.test.context.SpringBootTestWebEnvironment@5456afaa], resourceBasePath = 'src/main/webapp', contextLoader = 'org.springframework.boot.test.context.SpringBootContextLoader', parent = [null]], attributes = map['org.springframework.test.context.web.ServletTestExecutionListener.activateListener' -> false]], class annotated with @DirtiesContext [false] with mode [null].
23:35:35.303 [main] DEBUG org.springframework.test.context.support.DependencyInjectionTestExecutionListener - Performing dependency injection for test context [[DefaultTestContext@2e8a1ab4 testClass = UserApplicationTests, testInstance = com.assignment.user.UserApplicationTests@4fc3c165, testMethod = [null], testException = [null], mergedContextConfiguration = [WebMergedContextConfiguration@59f93db8 testClass = UserApplicationTests, locations = '{}', classes = '{class com.assignment.user.UserApplication}', contextInitializerClasses = '[]', activeProfiles = '{}', propertySourceLocations = '{}', propertySourceProperties = '{org.springframework.boot.test.context.SpringBootTestContextBootstrapper=true, server.port=0}', contextCustomizers = set[org.springframework.boot.test.context.filter.ExcludeFilterContextCustomizer@4925f4f5, org.springframework.boot.test.json.DuplicateJsonObjectContextCustomizerFactory$DuplicateJsonObjectContextCustomizer@5f2afe62, org.springframework.boot.test.mock.mockito.MockitoContextCustomizer@0, org.springframework.boot.test.web.client.TestRestTemplateContextCustomizer@42cc13a0, org.springframework.boot.test.autoconfigure.actuate.metrics.MetricsExportContextCustomizerFactory$DisableMetricExportContextCustomizer@4beddc56, org.springframework.boot.test.autoconfigure.properties.PropertyMappingContextCustomizer@0, org.springframework.boot.test.autoconfigure.web.servlet.WebDriverContextCustomizerFactory$Customizer@6b04acb2, org.springframework.boot.test.context.SpringBootTestArgs@1, org.springframework.boot.test.context.SpringBootTestWebEnvironment@5456afaa], resourceBasePath = 'src/main/webapp', contextLoader = 'org.springframework.boot.test.context.SpringBootContextLoader', parent = [null]], attributes = map['org.springframework.test.context.web.ServletTestExecutionListener.activateListener' -> false, 'org.springframework.test.context.event.ApplicationEventsTestExecutionListener.recordApplicationEvents' -> false]]].
23:35:35.404 [main] DEBUG org.springframework.test.context.support.TestPropertySourceUtils - Adding inlined properties to environment: {spring.jmx.enabled=false, org.springframework.boot.test.context.SpringBootTestContextBootstrapper=true, server.port=0}

  .   ____          _            __ _ _
 /\\ / ___'_ __ _ _(_)_ __  __ _ \ \ \ \
( ( )\___ | '_ | '_| | '_ \/ _` | \ \ \ \
 \\/  ___)| |_)| | | | | || (_| |  ) ) ) )
  '  |____| .__|_| |_|_| |_\__, | / / / /
 =========|_|==============|___/=/_/_/_/
 :: Spring Boot ::                (v2.5.2)

2024-09-25 23:35:36.177  INFO 22772 --- [           main] c.assignment.user.UserApplicationTests   : Starting UserApplicationTests using Java 17.0.6 on LAPTOP-GFBUTKOL with PID 22772 (started by sahai in C:\repo2\CARscan-user)
2024-09-25 23:35:36.186  INFO 22772 --- [           main] c.assignment.user.UserApplicationTests   : No active profile set, falling back to default profiles: default
2024-09-25 23:35:38.489  INFO 22772 --- [           main] .s.d.r.c.RepositoryConfigurationDelegate : Bootstrapping Spring Data JPA repositories in DEFAULT mode.
2024-09-25 23:35:38.580  INFO 22772 --- [           main] .s.d.r.c.RepositoryConfigurationDelegate : Finished Spring Data repository scanning in 72 ms. Found 1 JPA repository interfaces.
2024-09-25 23:35:40.000  INFO 22772 --- [           main] o.s.b.w.embedded.tomcat.TomcatWebServer  : Tomcat initialized with port(s): 0 (http)
2024-09-25 23:35:40.032  INFO 22772 --- [           main] o.apache.catalina.core.StandardService   : Starting service [Tomcat]
2024-09-25 23:35:40.033  INFO 22772 --- [           main] org.apache.catalina.core.StandardEngine  : Starting Servlet engine: [Apache Tomcat/9.0.48]
2024-09-25 23:35:40.236  INFO 22772 --- [           main] o.a.c.c.C.[Tomcat].[localhost].[/]       : Initializing Spring embedded WebApplicationContext
2024-09-25 23:35:40.237  INFO 22772 --- [           main] w.s.c.ServletWebServerApplicationContext : Root WebApplicationContext: initialization completed in 3944 ms
2024-09-25 23:35:40.594  INFO 22772 --- [           main] com.zaxxer.hikari.HikariDataSource       : HikariPool-1 - Starting...
2024-09-25 23:35:41.348  INFO 22772 --- [           main] com.zaxxer.hikari.HikariDataSource       : HikariPool-1 - Start completed.
2024-09-25 23:35:41.371  INFO 22772 --- [           main] o.s.b.a.h2.H2ConsoleAutoConfiguration    : H2 console available at '/h2-console'. Database available at 'jdbc:h2:file:~/carscan23'
2024-09-25 23:35:41.885  INFO 22772 --- [           main] o.hibernate.jpa.internal.util.LogHelper  : HHH000204: Processing PersistenceUnitInfo [name: default]
2024-09-25 23:35:41.998  INFO 22772 --- [           main] org.hibernate.Version                    : HHH000412: Hibernate ORM core version 5.4.32.Final
2024-09-25 23:35:42.315  INFO 22772 --- [           main] o.hibernate.annotations.common.Version   : HCANN000001: Hibernate Commons Annotations {5.1.2.Final}
2024-09-25 23:35:42.559  INFO 22772 --- [           main] org.hibernate.dialect.Dialect            : HHH000400: Using dialect: org.hibernate.dialect.H2Dialect
2024-09-25 23:35:44.010  INFO 22772 --- [           main] o.h.e.t.j.p.i.JtaPlatformInitiator       : HHH000490: Using JtaPlatform implementation: [org.hibernate.engine.transaction.jta.platform.internal.NoJtaPlatform]
2024-09-25 23:35:44.025  INFO 22772 --- [           main] j.LocalContainerEntityManagerFactoryBean : Initialized JPA EntityManagerFactory for persistence unit 'default'
2024-09-25 23:35:45.297  WARN 22772 --- [           main] JpaBaseConfiguration$JpaWebConfiguration : spring.jpa.open-in-view is enabled by default. Therefore, database queries may be performed during view rendering. Explicitly configure spring.jpa.open-in-view to disable this warning
2024-09-25 23:35:45.766  INFO 22772 --- [           main] o.s.b.a.e.web.EndpointLinksResolver      : Exposing 1 endpoint(s) beneath base path '/actuator'
2024-09-25 23:35:46.002  INFO 22772 --- [           main] pertySourcedRequestMappingHandlerMapping : Mapped URL path [/v2/api-docs] onto method [springfox.documentation.swagger2.web.Swagger2Controller#getDocumentation(String, HttpServletRequest)]
2024-09-25 23:35:46.920  INFO 22772 --- [           main] o.s.b.w.embedded.tomcat.TomcatWebServer  : Tomcat started on port(s): 57417 (http) with context path ''
2024-09-25 23:35:46.923  INFO 22772 --- [           main] d.s.w.p.DocumentationPluginsBootstrapper : Context refreshed
2024-09-25 23:35:46.974  INFO 22772 --- [           main] d.s.w.p.DocumentationPluginsBootstrapper : Found 1 custom documentation plugin(s)
2024-09-25 23:35:47.054  INFO 22772 --- [           main] s.d.s.w.s.ApiListingReferenceScanner     : Scanning for api listing references
2024-09-25 23:35:47.310  INFO 22772 --- [           main] c.assignment.user.UserApplicationTests   : Started UserApplicationTests in 11.902 seconds (JVM running for 14.67)
2024-09-25 23:35:48.000  INFO 22772 --- [o-auto-1-exec-1] o.a.c.c.C.[Tomcat].[localhost].[/]       : Initializing Spring DispatcherServlet 'dispatcherServlet'
2024-09-25 23:35:48.001  INFO 22772 --- [o-auto-1-exec-1] o.s.web.servlet.DispatcherServlet        : Initializing Servlet 'dispatcherServlet'
2024-09-25 23:35:48.005  INFO 22772 --- [o-auto-1-exec-1] o.s.web.servlet.DispatcherServlet        : Completed initialization in 4 ms
2024-09-25 23:35:48.187  WARN 22772 --- [o-auto-1-exec-1] o.h.engine.jdbc.spi.SqlExceptionHelper   : SQL Error: 23505, SQLState: 23505
2024-09-25 23:35:48.187 ERROR 22772 --- [o-auto-1-exec-1] o.h.engine.jdbc.spi.SqlExceptionHelper   : Unique index or primary key violation: "PUBLIC.UK_D1HKVJGDDGU9LQUWFR1RTOV2R_INDEX_9 ON PUBLIC.USERDETAIL(MOBILENUMBER) VALUES 37"; SQL statement:
insert into userdetail (dateofbirth, firstname, lastname, mobilenumber, userid) values (?, ?, ?, ?, ?) [23505-200]
]]></system-out>
  </testcase>
</testsuite>